<?xml version="1.0" encoding="UTF-8"?>
<testng-results skipped="0" failed="0" ignored="0" total="1" passed="1">
  <reporter-output>
  </reporter-output>
  <suite name="Default Suite" duration-ms="21270" started-at="2019-03-15T15:37:51Z" finished-at="2019-03-15T15:38:12Z">
    <groups>
    </groups>
    <test name="Selenium" duration-ms="21270" started-at="2019-03-15T15:37:51Z" finished-at="2019-03-15T15:38:12Z">
      <class name="com.Radish.hu.Demo">
        <test-method status="PASS" signature="init()[pri:0, instance:com.Radish.hu.Demo@47f37ef1]" name="init" duration-ms="21136" started-at="2019-03-15T15:37:51Z" finished-at="2019-03-15T15:38:12Z">
          <reporter-output>
          </reporter-output>
        </test-method> <!-- init -->
      </class> <!-- com.Radish.hu.Demo -->
    </test> <!-- Selenium -->
  </suite> <!-- Default Suite -->
</testng-results>
